<?xml version="1.0" encoding="UTF-8"?>
<!-- Generated by org.testng.reporters.JUnitReportReporter -->
<testsuite hostname="naveen" failures="0" tests="15" name="z.automation.sampleCodes.NGclass1" time="0.923" errors="1" timestamp="2023-08-10T00:34:45 IST" skipped="1">
  <testcase classname="z.automation.sampleCodes.NGclass1" name="userLogin" time="0.001"/>
  <system-out/>
  <testcase classname="z.automation.sampleCodes.NGclass1" name="userLogin1" time="0.000"/>
  <system-out/>
  <testcase classname="z.automation.sampleCodes.NGclass1" name="userLogin" time="0.001"/>
  <system-out/>
  <testcase classname="z.automation.sampleCodes.NGclass1" name="userLogin1" time="0.001"/>
  <system-out/>
  <testcase classname="z.automation.sampleCodes.NGclass1" name="signupMethod" time="0.912"/>
  <system-out/>
  <testcase classname="z.automation.sampleCodes.NGclass1" name="LoginNG" time="0.002"/>
  <system-out/>
  <testcase classname="z.automation.sampleCodes.NGclass1" name="Process1" time="0.002"/>
  <system-out/>
  <testcase classname="z.automation.sampleCodes.NGclass1" name="Process2" time="0.000"/>
  <system-out/>
  <testcase classname="z.automation.sampleCodes.NGclass1" name="Process4" time="0.001">
    <error message="throwing self made error" type="java.lang.Exception">
      <![CDATA[java.lang.Exception: throwing self made error
at z.automation.sampleCodes.NGclass1.Process4(NGclass1.java:97)
at java.base/jdk.internal.reflect.NativeMethodAccessorImpl.invoke0(Native Method)
at java.base/jdk.internal.reflect.NativeMethodAccessorImpl.invoke(NativeMethodAccessorImpl.java:77)
at java.base/jdk.internal.reflect.DelegatingMethodAccessorImpl.invoke(DelegatingMethodAccessorImpl.java:43)
at java.base/java.lang.reflect.Method.invoke(Method.java:568)
at org.testng.internal.invokers.MethodInvocationHelper.invokeMethod(MethodInvocationHelper.java:139)
at org.testng.internal.invokers.TestInvoker.invokeMethod(TestInvoker.java:677)
at org.testng.internal.invokers.TestInvoker.invokeTestMethod(TestInvoker.java:221)
at org.testng.internal.invokers.MethodRunner.runInSequence(MethodRunner.java:50)
at org.testng.internal.invokers.TestInvoker$MethodInvocationAgent.invoke(TestInvoker.java:969)
at org.testng.internal.invokers.TestInvoker.invokeTestMethods(TestInvoker.java:194)
at org.testng.internal.invokers.TestMethodWorker.invokeTestMethods(TestMethodWorker.java:148)
at org.testng.internal.invokers.TestMethodWorker.run(TestMethodWorker.java:128)
at java.base/java.util.ArrayList.forEach(ArrayList.java:1511)
at org.testng.TestRunner.privateRun(TestRunner.java:829)
at org.testng.TestRunner.run(TestRunner.java:602)
at org.testng.SuiteRunner.runTest(SuiteRunner.java:437)
at org.testng.SuiteRunner.runSequentially(SuiteRunner.java:431)
at org.testng.SuiteRunner.privateRun(SuiteRunner.java:391)
at org.testng.SuiteRunner.run(SuiteRunner.java:330)
at org.testng.SuiteRunnerWorker.runSuite(SuiteRunnerWorker.java:52)
at org.testng.SuiteRunnerWorker.run(SuiteRunnerWorker.java:95)
at org.testng.TestNG.runSuitesSequentially(TestNG.java:1256)
at org.testng.TestNG.runSuitesLocally(TestNG.java:1176)
at org.testng.TestNG.runSuites(TestNG.java:1099)
at org.testng.TestNG.run(TestNG.java:1067)
at org.testng.remote.AbstractRemoteTestNG.run(AbstractRemoteTestNG.java:115)
at org.testng.remote.RemoteTestNG.initAndRun(RemoteTestNG.java:251)
at org.testng.remote.RemoteTestNG.main(RemoteTestNG.java:77)
]]>
    </error>
  </testcase> <!-- Process4 -->
  <system-out/>
  <testcase classname="z.automation.sampleCodes.NGclass1" name="Process3" time="0.001"/>
  <system-out/>
  <testcase classname="z.automation.sampleCodes.NGclass1" name="Process6" time="0.000"/>
  <system-out/>
  <testcase classname="z.automation.sampleCodes.NGclass1" name="Process5" time="0.000"/>
  <system-out/>
  <testcase classname="z.automation.sampleCodes.NGclass1" name="Process5" time="0.001"/>
  <system-out/>
  <testcase classname="z.automation.sampleCodes.NGclass1" name="Logout" time="0.001"/>
  <system-out/>
  <testcase classname="z.automation.sampleCodes.NGclass1" name="Process7">
    <skipped/>
  </testcase> <!-- Process7 -->
  <system-out/>
</testsuite> <!-- z.automation.sampleCodes.NGclass1 -->
